[2019/08/04 15:31:29.122] - Starting server (version 2.0.3) with initial configuration: {"gasLimit":6721975,"gasPrice":20000000000,"hardfork":"petersburg","hostname":"127.0.0.1","port":7545,"network_id":5777,"default_balance_ether":70,"total_accounts":47,"unlocked_accounts":[],"locked":false,"vmErrorsOnRPCResponse":true,"verbose":false,"db_path":"C:\\Users\\Muqeem\\AppData\\Roaming\\Ganache\\workspaces\\yuneek-expense-sharing\\chaindata","logDirectory":"H:\\CS\\BC\\expense-sharing\\Ganache-logs"}
[2019/08/04 15:31:29.408] - eth_blockNumber
[2019/08/04 15:31:29.482] - eth_getBlockByNumber
[2019/08/04 15:31:29.498] - eth_getBlockByNumber
[2019/08/04 15:31:29.518] - eth_getBlockByNumber
[2019/08/04 15:31:29.521] - eth_getBlockByNumber
[2019/08/04 15:31:29.524] - eth_getBlockByNumber
[2019/08/04 15:31:29.526] - eth_getBlockByNumber
[2019/08/04 15:31:29.568] - eth_getBlockByNumber
[2019/08/04 15:31:29.612] - eth_getBlockByNumber
[2019/08/04 15:31:29.640] - eth_getBlockByNumber
[2019/08/04 15:31:29.690] - eth_subscribe
[2019/08/04 15:31:29.693] - eth_getLogs
[2019/08/04 15:31:29.695] - eth_subscribe
[2019/08/04 15:31:29.697] - eth_getCode
[2019/08/04 15:31:29.705] - eth_getBlockByNumber
[2019/08/04 15:31:29.740] - eth_getBlockByNumber
[2019/08/04 15:31:29.762] - eth_getBlockByNumber
[2019/08/04 15:31:29.785] - eth_getBlockByNumber
[2019/08/04 15:31:29.802] - eth_getBlockByNumber
[2019/08/04 15:31:29.823] - eth_getBlockByNumber
[2019/08/04 15:31:29.946] - eth_getCode
[2019/08/04 15:31:29.960] - eth_getBlockByNumber
[2019/08/04 15:31:29.973] - eth_getBlockByNumber
[2019/08/04 15:31:29.995] - eth_getBlockByNumber
[2019/08/04 15:31:30.027] - eth_getBlockByNumber
[2019/08/04 15:31:30.051] - eth_getBlockByNumber
[2019/08/04 15:31:30.062] - eth_blockNumber
[2019/08/04 15:31:30.063] - eth_accounts
[2019/08/04 15:31:30.064] - eth_gasPrice
[2019/08/04 15:31:30.066] - eth_getBlockByNumber
[2019/08/04 15:31:30.068] - eth_subscribe
[2019/08/04 15:31:30.085] - eth_getBlockByNumber
[2019/08/04 15:31:30.207] - eth_getCode
[2019/08/04 15:31:30.234] - eth_getBlockByNumber
[2019/08/04 15:31:30.258] - eth_getBlockByNumber
[2019/08/04 15:31:30.291] - eth_getBlockByNumber
[2019/08/04 15:31:30.311] - eth_getBlockByNumber
[2019/08/04 15:31:30.338] - eth_getBlockByNumber
[2019/08/04 15:31:30.377] - eth_getBlockByNumber
[2019/08/04 15:31:30.379] - eth_accounts
[2019/08/04 15:31:30.447] - eth_getBlockByNumber
[2019/08/04 15:31:30.469] - eth_getBlockByNumber
[2019/08/04 15:31:30.499] - eth_getBalance
[2019/08/04 15:31:30.503] - eth_getBlockByNumber
[2019/08/04 15:31:30.530] - eth_getTransactionCount
[2019/08/04 15:31:30.533] - eth_getBlockByNumber
[2019/08/04 15:31:30.542] - eth_getBalance
[2019/08/04 15:31:30.551] - eth_getBlockByNumber
[2019/08/04 15:31:30.556] - eth_getTransactionCount
[2019/08/04 15:31:30.574] - eth_getBalance
[2019/08/04 15:31:30.577] - eth_getBlockByNumber
[2019/08/04 15:31:30.590] - eth_getTransactionCount
[2019/08/04 15:31:30.604] - eth_getBlockByNumber
[2019/08/04 15:31:30.617] - eth_getBalance
[2019/08/04 15:31:30.632] - eth_getBlockByNumber
[2019/08/04 15:31:30.635] - eth_getTransactionCount
[2019/08/04 15:31:30.645] - eth_getBalance
[2019/08/04 15:31:30.654] - eth_getTransactionCount
[2019/08/04 15:31:30.663] - eth_getBalance
[2019/08/04 15:31:30.679] - eth_getTransactionCount
[2019/08/04 15:31:30.689] - eth_getBlockByNumber
[2019/08/04 15:31:30.692] - eth_getBalance
[2019/08/04 15:31:30.701] - eth_getTransactionCount
[2019/08/04 15:31:30.713] - eth_getBalance
[2019/08/04 15:31:30.718] - eth_getBlockByNumber
[2019/08/04 15:31:30.725] - eth_getTransactionCount
[2019/08/04 15:31:30.735] - eth_getBalance
[2019/08/04 15:31:30.752] - eth_getTransactionCount
[2019/08/04 15:31:30.761] - eth_getBalance
[2019/08/04 15:31:30.766] - eth_getBlockByNumber
[2019/08/04 15:31:30.774] - eth_getTransactionCount
[2019/08/04 15:31:30.788] - eth_getBalance
[2019/08/04 15:31:30.796] - eth_getTransactionCount
[2019/08/04 15:31:30.812] - eth_getBalance
[2019/08/04 15:31:30.820] - eth_getTransactionCount
[2019/08/04 15:31:30.829] - eth_getBalance
[2019/08/04 15:31:30.836] - eth_getBlockByNumber
[2019/08/04 15:31:30.840] - eth_getTransactionCount
[2019/08/04 15:31:30.848] - eth_getBalance
[2019/08/04 15:31:30.860] - eth_getBlockByNumber
[2019/08/04 15:31:30.875] - eth_getTransactionCount
[2019/08/04 15:31:30.883] - eth_getBalance
[2019/08/04 15:31:30.893] - eth_getTransactionCount
[2019/08/04 15:31:30.897] - eth_getBlockByNumber
[2019/08/04 15:31:30.904] - eth_getBalance
[2019/08/04 15:31:30.913] - eth_getTransactionCount
[2019/08/04 15:31:30.930] - eth_getBalance
[2019/08/04 15:31:30.939] - eth_getTransactionCount
[2019/08/04 15:31:30.947] - eth_getBalance
[2019/08/04 15:31:30.960] - eth_getTransactionCount
[2019/08/04 15:31:30.969] - eth_getBalance
[2019/08/04 15:31:30.989] - eth_getTransactionCount
[2019/08/04 15:31:30.999] - eth_getBalance
[2019/08/04 15:31:31.010] - eth_getTransactionCount
[2019/08/04 15:31:31.024] - eth_getBalance
[2019/08/04 15:31:31.039] - eth_getTransactionCount
[2019/08/04 15:31:31.059] - eth_getBalance
[2019/08/04 15:31:31.072] - eth_getTransactionCount
[2019/08/04 15:31:31.087] - eth_getBalance
[2019/08/04 15:31:31.098] - eth_getTransactionCount
[2019/08/04 15:31:31.106] - eth_getBalance
[2019/08/04 15:31:31.121] - eth_getTransactionCount
[2019/08/04 15:31:31.128] - eth_getBalance
[2019/08/04 15:31:31.136] - eth_getTransactionCount
[2019/08/04 15:31:31.144] - eth_getBalance
[2019/08/04 15:31:31.151] - eth_getTransactionCount
[2019/08/04 15:31:31.166] - eth_getBalance
[2019/08/04 15:31:31.174] - eth_getTransactionCount
[2019/08/04 15:31:31.181] - eth_getBalance
[2019/08/04 15:31:31.192] - eth_getTransactionCount
[2019/08/04 15:31:31.208] - eth_getBalance
[2019/08/04 15:31:31.239] - eth_getTransactionCount
[2019/08/04 15:31:31.262] - eth_getBalance
[2019/08/04 15:31:31.281] - eth_getTransactionCount
[2019/08/04 15:31:31.292] - eth_getBalance
[2019/08/04 15:31:31.310] - eth_getTransactionCount
[2019/08/04 15:31:31.343] - eth_getBalance
[2019/08/04 15:31:31.355] - eth_getTransactionCount
[2019/08/04 15:31:31.389] - eth_getBalance
[2019/08/04 15:31:31.427] - eth_getTransactionCount
[2019/08/04 15:31:31.470] - eth_getBalance
[2019/08/04 15:31:31.502] - eth_getTransactionCount
[2019/08/04 15:31:31.609] - eth_getBalance
[2019/08/04 15:31:31.633] - eth_getTransactionCount
[2019/08/04 15:31:31.652] - eth_getBalance
[2019/08/04 15:31:31.670] - eth_getTransactionCount
[2019/08/04 15:31:31.689] - eth_getBalance
[2019/08/04 15:31:31.708] - eth_getTransactionCount
[2019/08/04 15:31:31.730] - eth_getBalance
[2019/08/04 15:31:31.748] - eth_getTransactionCount
[2019/08/04 15:31:31.769] - eth_getBalance
[2019/08/04 15:31:31.783] - eth_getTransactionCount
[2019/08/04 15:31:31.807] - eth_getBalance
[2019/08/04 15:31:31.852] - eth_getTransactionCount
[2019/08/04 15:31:31.873] - eth_getBalance
[2019/08/04 15:31:31.896] - eth_getTransactionCount
[2019/08/04 15:31:31.919] - eth_getBalance
[2019/08/04 15:31:31.936] - eth_getTransactionCount
[2019/08/04 15:31:31.965] - eth_getBalance
[2019/08/04 15:31:31.974] - eth_getTransactionCount
[2019/08/04 15:31:31.984] - eth_getBalance
[2019/08/04 15:31:32.000] - eth_getTransactionCount
[2019/08/04 15:31:32.011] - eth_getBalance
[2019/08/04 15:31:32.047] - eth_getTransactionCount
[2019/08/04 15:31:32.058] - eth_getBalance
[2019/08/04 15:31:32.088] - eth_getTransactionCount
[2019/08/04 15:31:32.108] - eth_getBalance
[2019/08/04 15:31:32.126] - eth_getTransactionCount
[2019/08/04 15:31:32.308] - eth_getBalance
[2019/08/04 15:31:32.317] - eth_getTransactionCount
[2019/08/04 15:31:32.324] - eth_getBalance
[2019/08/04 15:31:32.332] - eth_getTransactionCount
[2019/08/04 15:31:32.339] - eth_getBalance
[2019/08/04 15:31:32.353] - eth_getTransactionCount
[2019/08/04 15:31:32.361] - eth_getBalance
[2019/08/04 15:31:32.369] - eth_getTransactionCount
[2019/08/04 15:31:32.376] - eth_getBalance
[2019/08/04 15:31:32.384] - eth_getTransactionCount
[2019/08/04 15:31:32.402] - eth_getBalance
[2019/08/04 15:31:32.413] - eth_getTransactionCount
[2019/08/04 15:31:32.421] - eth_getBalance
[2019/08/04 15:31:32.428] - eth_getTransactionCount
[2019/08/04 15:31:32.436] - eth_getBalance
[2019/08/04 15:31:32.450] - eth_getTransactionCount
[2019/08/04 15:31:32.458] - eth_getBalance
[2019/08/04 15:31:32.466] - eth_getTransactionCount
[2019/08/04 15:31:32.474] - eth_getBalance
[2019/08/04 15:31:32.482] - eth_getTransactionCount
[2019/08/04 15:31:32.496] - eth_getBalance
[2019/08/04 15:31:32.503] - eth_getTransactionCount
[2019/08/04 15:31:32.511] - eth_getBalance
[2019/08/04 15:31:32.519] - eth_getTransactionCount
[2019/08/04 15:31:32.526] - eth_getBalance
[2019/08/04 15:31:32.541] - eth_getTransactionCount
[2019/08/04 15:31:32.549] - eth_getBalance
[2019/08/04 15:31:32.557] - eth_getTransactionCount
[2019/08/04 15:31:32.565] - eth_getBalance
[2019/08/04 15:31:32.572] - eth_getTransactionCount
[2019/08/04 15:31:32.590] - eth_getBalance
[2019/08/04 15:31:32.598] - eth_getTransactionCount
[2019/08/04 15:31:32.605] - eth_getBalance
[2019/08/04 15:31:32.613] - eth_getTransactionCount
[2019/08/04 15:31:32.621] - eth_getBalance
[2019/08/04 15:31:32.636] - eth_getTransactionCount
[2019/08/04 15:31:32.643] - eth_getBalance
[2019/08/04 15:31:32.650] - eth_getTransactionCount
[2019/08/04 15:31:32.658] - eth_getBalance
[2019/08/04 15:31:32.666] - eth_getTransactionCount
[2019/08/04 15:31:32.674] - eth_getBalance
[2019/08/04 15:31:32.691] - eth_getTransactionCount
[2019/08/04 15:31:32.698] - eth_getBalance
[2019/08/04 15:31:32.706] - eth_getTransactionCount
[2019/08/04 15:31:32.715] - eth_getBalance
[2019/08/04 15:31:32.723] - eth_getTransactionCount
[2019/08/04 15:31:32.736] - eth_getBalance
[2019/08/04 15:31:32.744] - eth_getTransactionCount
[2019/08/04 15:31:32.753] - eth_getBalance
[2019/08/04 15:31:32.773] - eth_getTransactionCount
[2019/08/04 15:31:32.786] - eth_getBalance
[2019/08/04 15:31:32.803] - eth_getTransactionCount
[2019/08/04 15:31:32.811] - eth_getBalance
[2019/08/04 15:31:32.819] - eth_getTransactionCount
[2019/08/04 15:31:32.826] - eth_getBalance
[2019/08/04 15:31:32.834] - eth_getTransactionCount
[2019/08/04 15:31:32.849] - eth_getBalance
[2019/08/04 15:31:32.858] - eth_getTransactionCount
[2019/08/04 15:31:32.867] - eth_getBalance
[2019/08/04 15:31:32.875] - eth_getTransactionCount
[2019/08/04 15:31:32.883] - eth_getBalance
[2019/08/04 15:31:32.898] - eth_getTransactionCount
[2019/08/04 15:31:32.906] - eth_getBalance
[2019/08/04 15:31:32.913] - eth_getTransactionCount
[2019/08/04 15:31:32.922] - eth_getBalance
[2019/08/04 15:31:32.929] - eth_getTransactionCount
[2019/08/04 15:31:32.946] - eth_getBalance
[2019/08/04 15:31:32.955] - eth_getTransactionCount
[2019/08/04 15:31:32.965] - eth_getBalance
[2019/08/04 15:31:32.973] - eth_getTransactionCount
[2019/08/04 15:31:32.981] - eth_getBalance
[2019/08/04 15:31:33.000] - eth_getTransactionCount
[2019/08/04 15:31:33.007] - eth_getBalance
[2019/08/04 15:31:33.015] - eth_getTransactionCount
[2019/08/04 15:31:33.026] - eth_getBalance
[2019/08/04 15:31:33.036] - eth_getTransactionCount
[2019/08/04 15:31:33.055] - eth_getBalance
[2019/08/04 15:31:33.067] - eth_getTransactionCount
[2019/08/04 15:31:33.077] - eth_getBalance
[2019/08/04 15:31:33.087] - eth_getTransactionCount
[2019/08/04 15:31:33.096] - eth_getBalance
[2019/08/04 15:31:33.113] - eth_getTransactionCount
[2019/08/04 15:31:33.127] - eth_getBalance
[2019/08/04 15:31:33.137] - eth_getTransactionCount
[2019/08/04 15:31:33.148] - eth_getBalance
[2019/08/04 15:31:33.159] - eth_getTransactionCount
[2019/08/04 15:31:33.177] - eth_getBalance
[2019/08/04 15:31:33.194] - eth_getTransactionCount
[2019/08/04 15:31:33.209] - eth_getBalance
[2019/08/04 15:31:33.220] - eth_getTransactionCount
[2019/08/04 15:31:33.237] - eth_getBalance
[2019/08/04 15:31:33.251] - eth_getTransactionCount
[2019/08/04 15:31:33.272] - eth_getBalance
[2019/08/04 15:31:33.285] - eth_getTransactionCount
[2019/08/04 15:31:49.652] - eth_blockNumber
[2019/08/04 15:32:09.706] - eth_blockNumber
[2019/08/04 15:32:28.793] - eth_getBlockByNumber
[2019/08/04 15:32:28.852] - eth_getBlockTransactionCountByNumber
[2019/08/04 15:32:28.903] - eth_getBlockByNumber
[2019/08/04 15:32:28.948] - eth_getBlockTransactionCountByNumber
[2019/08/04 15:32:28.989] - eth_getBlockByNumber
[2019/08/04 15:32:29.031] - eth_getBlockTransactionCountByNumber
[2019/08/04 15:32:29.072] - eth_getBlockByNumber
[2019/08/04 15:32:29.111] - eth_getBlockTransactionCountByNumber
[2019/08/04 15:32:29.152] - eth_getBlockByNumber
[2019/08/04 15:32:29.197] - eth_getBlockTransactionCountByNumber
[2019/08/04 15:32:29.242] - eth_getBlockByNumber
[2019/08/04 15:32:29.283] - eth_getBlockTransactionCountByNumber
[2019/08/04 15:32:29.322] - eth_getBlockByNumber
[2019/08/04 15:32:29.356] - eth_getBlockTransactionCountByNumber
[2019/08/04 15:32:29.395] - eth_getBlockByNumber
[2019/08/04 15:32:29.435] - eth_getBlockTransactionCountByNumber
[2019/08/04 15:32:29.473] - eth_getBlockByNumber
[2019/08/04 15:32:29.514] - eth_getBlockTransactionCountByNumber
[2019/08/04 15:32:29.554] - eth_getBlockByNumber
[2019/08/04 15:32:29.586] - eth_getBlockTransactionCountByNumber
[2019/08/04 15:32:29.630] - eth_getBlockByNumber
[2019/08/04 15:32:29.670] - eth_getBlockTransactionCountByNumber
[2019/08/04 15:32:29.709] - eth_getBlockByNumber
[2019/08/04 15:32:29.731] - eth_blockNumber
[2019/08/04 15:32:29.755] - eth_getBlockTransactionCountByNumber
[2019/08/04 15:32:29.801] - eth_getBlockByNumber
[2019/08/04 15:32:29.842] - eth_getBlockTransactionCountByNumber
[2019/08/04 15:32:29.889] - eth_getBlockByNumber
[2019/08/04 15:32:29.923] - eth_getBlockTransactionCountByNumber
[2019/08/04 15:32:29.961] - eth_getBlockByNumber
[2019/08/04 15:32:30.002] - eth_getBlockTransactionCountByNumber
[2019/08/04 15:32:30.042] - eth_getBlockByNumber
[2019/08/04 15:32:30.084] - eth_getBlockTransactionCountByNumber
[2019/08/04 15:32:34.671] - eth_getBlockByNumber
[2019/08/04 15:32:34.748] - eth_getTransactionReceipt
[2019/08/04 15:32:34.881] - eth_getBlockByNumber
[2019/08/04 15:32:34.926] - eth_getTransactionReceipt
[2019/08/04 15:32:35.040] - eth_getBlockByNumber
[2019/08/04 15:32:35.088] - eth_getTransactionReceipt
[2019/08/04 15:32:35.186] - eth_getBlockByNumber
[2019/08/04 15:32:35.226] - eth_getTransactionReceipt
[2019/08/04 15:32:35.330] - eth_getBlockByNumber
[2019/08/04 15:32:35.369] - eth_getTransactionReceipt
[2019/08/04 15:32:35.482] - eth_getBlockByNumber
[2019/08/04 15:32:35.521] - eth_getTransactionReceipt
[2019/08/04 15:32:35.598] - eth_getBlockByNumber
[2019/08/04 15:32:35.639] - eth_getTransactionReceipt
[2019/08/04 15:32:35.742] - eth_getBlockByNumber
[2019/08/04 15:32:35.785] - eth_getTransactionReceipt
[2019/08/04 15:32:35.877] - eth_getBlockByNumber
[2019/08/04 15:32:35.917] - eth_getTransactionReceipt
[2019/08/04 15:32:36.011] - eth_getBlockByNumber
[2019/08/04 15:32:36.050] - eth_getTransactionReceipt
[2019/08/04 15:32:36.152] - eth_getBlockByNumber
[2019/08/04 15:32:36.191] - eth_getTransactionReceipt
[2019/08/04 15:32:40.337] - eth_getBalance
[2019/08/04 15:32:40.604] - net_version
[2019/08/04 15:32:40.612] - eth_getCode
[2019/08/04 15:32:40.619] - eth_getBlockByNumber
[2019/08/04 15:32:40.635] - eth_getBalance
[2019/08/04 15:32:40.641] - eth_getTransactionCount
[2019/08/04 15:32:40.657] - eth_getStorageAt
[2019/08/04 15:32:40.761] - eth_getStorageAt
[2019/08/04 15:32:40.775] - eth_getStorageAt
[2019/08/04 15:32:40.783] - eth_getStorageAt
[2019/08/04 15:32:40.798] - eth_getStorageAt
[2019/08/04 15:32:40.811] - eth_getStorageAt
[2019/08/04 15:32:40.817] - eth_getStorageAt
[2019/08/04 15:32:49.764] - eth_blockNumber
[2019/08/04 15:33:09.786] - eth_blockNumber
