[2019/09/19 20:06:18.014] - Starting server (version 2.0.3) with initial configuration: {"gasLimit":6721975,"gasPrice":20000000000,"hardfork":"petersburg","hostname":"127.0.0.1","port":7545,"network_id":5777,"default_balance_ether":70,"total_accounts":47,"unlocked_accounts":[],"locked":false,"vmErrorsOnRPCResponse":true,"verbose":false,"db_path":"C:\\Users\\Muqeem\\AppData\\Roaming\\Ganache\\workspaces\\yuneek-expense-sharing\\chaindata","logDirectory":"H:\\CS\\BC\\expense-sharing\\Ganache-logs"}
[2019/09/19 20:06:19.069] - eth_subscribe
[2019/09/19 20:06:19.089] - eth_getLogs
[2019/09/19 20:06:19.113] - eth_subscribe
[2019/09/19 20:06:19.133] - eth_getCode
[2019/09/19 20:06:19.469] - eth_getCode
[2019/09/19 20:06:19.701] - eth_getCode
[2019/09/19 20:06:19.925] - eth_blockNumber
[2019/09/19 20:06:19.929] - eth_accounts
[2019/09/19 20:06:19.933] - eth_gasPrice
[2019/09/19 20:06:19.937] - eth_getBlockByNumber
[2019/09/19 20:06:19.941] - eth_subscribe
[2019/09/19 20:06:20.001] - eth_blockNumber
[2019/09/19 20:06:20.081] - eth_getBlockByNumber
[2019/09/19 20:06:20.101] - eth_getBlockByNumber
[2019/09/19 20:06:20.109] - eth_getBlockByNumber
[2019/09/19 20:06:20.113] - eth_getBlockByNumber
[2019/09/19 20:06:20.117] - eth_getBlockByNumber
[2019/09/19 20:06:20.125] - eth_getBlockByNumber
[2019/09/19 20:06:20.133] - eth_getBlockByNumber
[2019/09/19 20:06:20.197] - eth_getBlockByNumber
[2019/09/19 20:06:20.277] - eth_getBlockByNumber
[2019/09/19 20:06:20.345] - eth_getBlockByNumber
[2019/09/19 20:06:20.377] - eth_accounts
[2019/09/19 20:06:20.401] - eth_getBlockByNumber
[2019/09/19 20:06:20.461] - eth_getBlockByNumber
[2019/09/19 20:06:20.549] - eth_getBlockByNumber
[2019/09/19 20:06:20.597] - eth_getBlockByNumber
[2019/09/19 20:06:20.649] - eth_getBlockByNumber
[2019/09/19 20:06:20.701] - eth_getBlockByNumber
[2019/09/19 20:06:20.757] - eth_getBlockByNumber
[2019/09/19 20:06:20.765] - eth_getBalance
[2019/09/19 20:06:20.813] - eth_getBlockByNumber
[2019/09/19 20:06:20.829] - eth_getTransactionCount
[2019/09/19 20:06:20.869] - eth_getBlockByNumber
[2019/09/19 20:06:20.873] - eth_getBalance
[2019/09/19 20:06:20.921] - eth_getTransactionCount
[2019/09/19 20:06:20.957] - eth_getBlockByNumber
[2019/09/19 20:06:20.965] - eth_getBalance
[2019/09/19 20:06:21.001] - eth_getTransactionCount
[2019/09/19 20:06:21.017] - eth_getBlockByNumber
[2019/09/19 20:06:21.069] - eth_getBlockByNumber
[2019/09/19 20:06:21.081] - eth_getBalance
[2019/09/19 20:06:21.113] - eth_getBlockByNumber
[2019/09/19 20:06:21.137] - eth_getTransactionCount
[2019/09/19 20:06:21.233] - eth_getBalance
[2019/09/19 20:06:21.261] - eth_getTransactionCount
[2019/09/19 20:06:21.313] - eth_getBalance
[2019/09/19 20:06:21.317] - eth_getBlockByNumber
[2019/09/19 20:06:21.333] - eth_getTransactionCount
[2019/09/19 20:06:21.381] - eth_getBalance
[2019/09/19 20:06:21.413] - eth_getTransactionCount
[2019/09/19 20:06:21.441] - eth_getBlockByNumber
[2019/09/19 20:06:21.485] - eth_getBalance
[2019/09/19 20:06:21.513] - eth_getTransactionCount
[2019/09/19 20:06:21.549] - eth_getBlockByNumber
[2019/09/19 20:06:21.553] - eth_getBalance
[2019/09/19 20:06:21.589] - eth_getTransactionCount
[2019/09/19 20:06:21.637] - eth_getBalance
[2019/09/19 20:06:21.673] - eth_getTransactionCount
[2019/09/19 20:06:21.714] - eth_getBalance
[2019/09/19 20:06:21.745] - eth_getTransactionCount
[2019/09/19 20:06:21.749] - eth_getBlockByNumber
[2019/09/19 20:06:21.777] - eth_getBalance
[2019/09/19 20:06:21.813] - eth_getBlockByNumber
[2019/09/19 20:06:21.817] - eth_getTransactionCount
[2019/09/19 20:06:21.905] - eth_getBalance
[2019/09/19 20:06:21.913] - eth_getBlockByNumber
[2019/09/19 20:06:21.945] - eth_getTransactionCount
[2019/09/19 20:06:21.986] - eth_getBalance
[2019/09/19 20:06:22.026] - eth_getTransactionCount
[2019/09/19 20:06:22.066] - eth_getBalance
[2019/09/19 20:06:22.102] - eth_getBlockByNumber
[2019/09/19 20:06:22.138] - eth_getTransactionCount
[2019/09/19 20:06:22.178] - eth_getBalance
[2019/09/19 20:06:22.214] - eth_getBlockByNumber
[2019/09/19 20:06:22.222] - eth_getTransactionCount
[2019/09/19 20:06:22.262] - eth_getBalance
[2019/09/19 20:06:22.302] - eth_getTransactionCount
[2019/09/19 20:06:22.342] - eth_getBlockByNumber
[2019/09/19 20:06:22.378] - eth_getBalance
[2019/09/19 20:06:22.406] - eth_getTransactionCount
[2019/09/19 20:06:22.430] - eth_getBalance
[2019/09/19 20:06:22.454] - eth_getTransactionCount
[2019/09/19 20:06:22.474] - eth_getBalance
[2019/09/19 20:06:22.510] - eth_getTransactionCount
[2019/09/19 20:06:22.530] - eth_getBalance
[2019/09/19 20:06:22.554] - eth_getTransactionCount
[2019/09/19 20:06:22.586] - eth_getBalance
[2019/09/19 20:06:22.606] - eth_getTransactionCount
[2019/09/19 20:06:22.630] - eth_getBlockByNumber
[2019/09/19 20:06:22.686] - eth_getBalance
[2019/09/19 20:06:22.718] - eth_getTransactionCount
[2019/09/19 20:06:22.742] - eth_getBalance
[2019/09/19 20:06:22.766] - eth_getTransactionCount
[2019/09/19 20:06:22.790] - eth_getBalance
[2019/09/19 20:06:22.834] - eth_getTransactionCount
[2019/09/19 20:06:22.862] - eth_getBalance
[2019/09/19 20:06:22.882] - eth_getBlockByNumber
[2019/09/19 20:06:22.902] - eth_getTransactionCount
[2019/09/19 20:06:22.966] - eth_getBalance
[2019/09/19 20:06:23.022] - eth_getTransactionCount
[2019/09/19 20:06:23.030] - eth_getBlockByNumber
[2019/09/19 20:06:23.058] - eth_getBalance
[2019/09/19 20:06:23.130] - eth_getTransactionCount
[2019/09/19 20:06:23.162] - eth_getBalance
[2019/09/19 20:06:23.194] - eth_getTransactionCount
[2019/09/19 20:06:23.214] - eth_getBlockByNumber
[2019/09/19 20:06:23.234] - eth_getBalance
[2019/09/19 20:06:23.266] - eth_getTransactionCount
[2019/09/19 20:06:23.322] - eth_getBlockByNumber
[2019/09/19 20:06:23.330] - eth_getBalance
[2019/09/19 20:06:23.358] - eth_getTransactionCount
[2019/09/19 20:06:23.378] - eth_getBalance
[2019/09/19 20:06:23.406] - eth_getBlockByNumber
[2019/09/19 20:06:23.410] - eth_getTransactionCount
[2019/09/19 20:06:23.438] - eth_getBalance
[2019/09/19 20:06:23.478] - eth_getTransactionCount
[2019/09/19 20:06:23.506] - eth_getBalance
[2019/09/19 20:06:23.526] - eth_getTransactionCount
[2019/09/19 20:06:23.554] - eth_getBalance
[2019/09/19 20:06:23.578] - eth_getTransactionCount
[2019/09/19 20:06:23.626] - eth_getBalance
[2019/09/19 20:06:23.650] - eth_getTransactionCount
[2019/09/19 20:06:23.658] - eth_getBlockByNumber
[2019/09/19 20:06:23.690] - eth_getBalance
[2019/09/19 20:06:23.742] - eth_getTransactionCount
[2019/09/19 20:06:23.774] - eth_getBalance
[2019/09/19 20:06:23.834] - eth_getTransactionCount
[2019/09/19 20:06:23.854] - eth_getBalance
[2019/09/19 20:06:23.890] - eth_getTransactionCount
[2019/09/19 20:06:23.910] - eth_getBlockByNumber
[2019/09/19 20:06:23.926] - eth_getBalance
[2019/09/19 20:06:23.978] - eth_getTransactionCount
[2019/09/19 20:06:24.058] - eth_getBalance
[2019/09/19 20:06:24.106] - eth_getBlockByNumber
[2019/09/19 20:06:24.110] - eth_getTransactionCount
[2019/09/19 20:06:24.154] - eth_getBalance
[2019/09/19 20:06:24.190] - eth_getTransactionCount
[2019/09/19 20:06:24.214] - eth_getBalance
[2019/09/19 20:06:24.266] - eth_getTransactionCount
[2019/09/19 20:06:24.286] - eth_getBalance
[2019/09/19 20:06:24.310] - eth_getTransactionCount
[2019/09/19 20:06:24.330] - eth_getBalance
[2019/09/19 20:06:24.350] - eth_getTransactionCount
[2019/09/19 20:06:24.394] - eth_getBalance
[2019/09/19 20:06:24.414] - eth_getTransactionCount
[2019/09/19 20:06:24.438] - eth_getBalance
[2019/09/19 20:06:24.462] - eth_getTransactionCount
[2019/09/19 20:06:24.794] - eth_getBalance
[2019/09/19 20:06:24.850] - eth_getTransactionCount
[2019/09/19 20:06:24.902] - eth_getBalance
[2019/09/19 20:06:24.946] - eth_getTransactionCount
[2019/09/19 20:06:24.970] - eth_getBalance
[2019/09/19 20:06:25.050] - eth_getTransactionCount
[2019/09/19 20:06:25.122] - eth_getBalance
[2019/09/19 20:06:25.190] - eth_getTransactionCount
[2019/09/19 20:06:25.258] - eth_getBalance
[2019/09/19 20:06:25.298] - eth_getTransactionCount
[2019/09/19 20:06:25.346] - eth_getBalance
[2019/09/19 20:06:25.494] - eth_getTransactionCount
[2019/09/19 20:06:25.574] - eth_getBalance
[2019/09/19 20:06:25.622] - eth_getTransactionCount
[2019/09/19 20:06:25.662] - eth_getBalance
[2019/09/19 20:06:25.702] - eth_getTransactionCount
[2019/09/19 20:06:25.814] - eth_getBalance
[2019/09/19 20:06:25.830] - eth_getTransactionCount
[2019/09/19 20:06:25.870] - eth_getBalance
[2019/09/19 20:06:25.906] - eth_getTransactionCount
[2019/09/19 20:06:25.950] - eth_getBalance
[2019/09/19 20:06:26.010] - eth_getTransactionCount
[2019/09/19 20:06:26.042] - eth_getBalance
[2019/09/19 20:06:26.074] - eth_getTransactionCount
[2019/09/19 20:06:26.102] - eth_getBalance
[2019/09/19 20:06:26.138] - eth_getTransactionCount
[2019/09/19 20:06:26.186] - eth_getBalance
[2019/09/19 20:06:26.206] - eth_getTransactionCount
[2019/09/19 20:06:26.226] - eth_getBalance
[2019/09/19 20:06:26.246] - eth_getTransactionCount
[2019/09/19 20:06:26.270] - eth_getBalance
[2019/09/19 20:06:26.310] - eth_getTransactionCount
[2019/09/19 20:06:26.330] - eth_getBalance
[2019/09/19 20:06:26.350] - eth_getTransactionCount
[2019/09/19 20:06:26.374] - eth_getBalance
[2019/09/19 20:06:26.398] - eth_getTransactionCount
[2019/09/19 20:06:26.418] - eth_getBalance
[2019/09/19 20:06:26.458] - eth_getTransactionCount
[2019/09/19 20:06:26.478] - eth_getBalance
[2019/09/19 20:06:26.498] - eth_getTransactionCount
[2019/09/19 20:06:26.530] - eth_getBalance
[2019/09/19 20:06:26.578] - eth_getTransactionCount
[2019/09/19 20:06:26.626] - eth_getBalance
[2019/09/19 20:06:26.662] - eth_getTransactionCount
[2019/09/19 20:06:26.690] - eth_getBalance
[2019/09/19 20:06:26.714] - eth_getTransactionCount
[2019/09/19 20:06:26.758] - eth_getBalance
[2019/09/19 20:06:26.798] - eth_getTransactionCount
[2019/09/19 20:06:26.826] - eth_getBalance
[2019/09/19 20:06:26.854] - eth_getTransactionCount
[2019/09/19 20:06:26.874] - eth_getBalance
[2019/09/19 20:06:26.898] - eth_getTransactionCount
[2019/09/19 20:06:26.938] - eth_getBalance
[2019/09/19 20:06:26.958] - eth_getTransactionCount
[2019/09/19 20:06:26.978] - eth_getBalance
[2019/09/19 20:06:26.998] - eth_getTransactionCount
[2019/09/19 20:06:27.026] - eth_getBalance
[2019/09/19 20:06:27.070] - eth_getTransactionCount
[2019/09/19 20:06:27.094] - eth_getBalance
[2019/09/19 20:06:27.114] - eth_getTransactionCount
[2019/09/19 20:06:27.134] - eth_getBalance
[2019/09/19 20:06:27.154] - eth_getTransactionCount
[2019/09/19 20:06:27.198] - eth_getBalance
[2019/09/19 20:06:27.222] - eth_getTransactionCount
[2019/09/19 20:06:27.242] - eth_getBalance
[2019/09/19 20:06:27.262] - eth_getTransactionCount
[2019/09/19 20:06:27.286] - eth_getBalance
[2019/09/19 20:06:27.326] - eth_getTransactionCount
[2019/09/19 20:06:27.346] - eth_getBalance
[2019/09/19 20:06:27.366] - eth_getTransactionCount
[2019/09/19 20:06:27.386] - eth_getBalance
[2019/09/19 20:06:27.406] - eth_getTransactionCount
[2019/09/19 20:06:27.450] - eth_getBalance
[2019/09/19 20:06:27.482] - eth_getTransactionCount
[2019/09/19 20:06:27.506] - eth_getBalance
[2019/09/19 20:06:27.530] - eth_getTransactionCount
[2019/09/19 20:06:27.566] - eth_getBalance
[2019/09/19 20:06:27.634] - eth_getTransactionCount
[2019/09/19 20:06:27.662] - eth_getBalance
[2019/09/19 20:06:27.690] - eth_getTransactionCount
[2019/09/19 20:06:27.726] - eth_getBalance
[2019/09/19 20:06:27.762] - eth_getTransactionCount
[2019/09/19 20:06:27.810] - eth_getBalance
[2019/09/19 20:06:27.842] - eth_getTransactionCount
[2019/09/19 20:06:27.874] - eth_getBalance
[2019/09/19 20:06:27.902] - eth_getTransactionCount
[2019/09/19 20:06:27.926] - eth_getBalance
[2019/09/19 20:06:27.950] - eth_getTransactionCount
[2019/09/19 20:06:27.986] - eth_getBalance
[2019/09/19 20:06:28.014] - eth_getTransactionCount
[2019/09/19 20:06:28.034] - eth_getBalance
[2019/09/19 20:06:28.066] - eth_getTransactionCount
[2019/09/19 20:06:28.094] - eth_getBalance
[2019/09/19 20:06:28.142] - eth_getTransactionCount
[2019/09/19 20:06:40.335] - eth_blockNumber
[2019/09/19 20:07:00.385] - eth_blockNumber
[2019/09/19 20:07:20.444] - eth_blockNumber
[2019/09/19 20:07:40.488] - eth_blockNumber
[2019/09/19 20:08:00.547] - eth_blockNumber
[2019/09/19 20:08:20.605] - eth_blockNumber
[2019/09/19 20:08:40.668] - eth_blockNumber
[2019/09/19 20:09:00.721] - eth_blockNumber
[2019/09/19 20:09:20.784] - eth_blockNumber
[2019/09/19 20:09:40.846] - eth_blockNumber
[2019/09/19 20:10:00.926] - eth_blockNumber
[2019/09/19 20:10:20.985] - eth_blockNumber
[2019/09/19 20:10:41.048] - eth_blockNumber
[2019/09/19 20:11:01.110] - eth_blockNumber
[2019/09/19 20:11:21.174] - eth_blockNumber
[2019/09/19 20:11:41.231] - eth_blockNumber
[2019/09/19 20:12:01.282] - eth_blockNumber
[2019/09/19 20:12:21.346] - eth_blockNumber
[2019/09/19 20:12:41.403] - eth_blockNumber
[2019/09/19 20:13:01.557] - eth_blockNumber
[2019/09/19 20:13:21.637] - eth_blockNumber
[2019/09/19 20:13:41.729] - eth_blockNumber
[2019/09/19 20:14:01.786] - eth_blockNumber
[2019/09/19 20:14:21.891] - eth_blockNumber
[2019/09/19 20:14:41.963] - eth_blockNumber
[2019/09/19 20:15:02.019] - eth_blockNumber
[2019/09/19 20:15:22.080] - eth_blockNumber
[2019/09/19 20:15:42.136] - eth_blockNumber
[2019/09/19 20:16:02.217] - eth_blockNumber
[2019/09/19 20:16:22.287] - eth_blockNumber
[2019/09/19 20:16:42.354] - eth_blockNumber
[2019/09/19 20:17:02.434] - eth_blockNumber
[2019/09/19 20:17:22.495] - eth_blockNumber
[2019/09/19 20:17:42.554] - eth_blockNumber
[2019/09/19 20:18:02.638] - eth_blockNumber
[2019/09/19 20:18:22.698] - eth_blockNumber
[2019/09/19 20:18:42.769] - eth_blockNumber
[2019/09/19 20:19:02.842] - eth_blockNumber
[2019/09/19 20:19:22.921] - eth_blockNumber
[2019/09/19 20:19:43.030] - eth_blockNumber
[2019/09/19 20:20:03.106] - eth_blockNumber
[2019/09/19 20:20:23.166] - eth_blockNumber
[2019/09/19 20:20:43.217] - eth_blockNumber
[2019/09/19 20:21:03.289] - eth_blockNumber
[2019/09/19 20:21:23.356] - eth_blockNumber
[2019/09/19 20:21:43.432] - eth_blockNumber
[2019/09/19 20:22:03.497] - eth_blockNumber
[2019/09/19 20:22:23.566] - eth_blockNumber
[2019/09/19 20:22:43.650] - eth_blockNumber
[2019/09/19 20:23:03.728] - eth_blockNumber
[2019/09/19 20:23:23.792] - eth_blockNumber
[2019/09/19 20:23:44.764] - eth_blockNumber
[2019/09/19 20:24:04.835] - eth_blockNumber
[2019/09/19 20:24:24.912] - eth_blockNumber
[2019/09/19 20:24:44.988] - eth_blockNumber
[2019/09/19 20:25:05.049] - eth_blockNumber
[2019/09/19 20:25:25.116] - eth_blockNumber
[2019/09/19 20:25:45.174] - eth_blockNumber
[2019/09/19 20:26:05.256] - eth_blockNumber
[2019/09/19 20:26:25.328] - eth_blockNumber
[2019/09/19 20:26:45.399] - eth_blockNumber
[2019/09/19 20:27:05.465] - eth_blockNumber
[2019/09/19 20:27:25.549] - eth_blockNumber
[2019/09/19 20:27:45.611] - eth_blockNumber
[2019/09/19 20:28:05.676] - eth_blockNumber
[2019/09/19 20:28:25.733] - eth_blockNumber
[2019/09/19 20:28:45.809] - eth_blockNumber
[2019/09/19 20:29:05.880] - eth_blockNumber
[2019/09/19 20:29:25.938] - eth_blockNumber
[2019/09/19 20:29:45.996] - eth_blockNumber
[2019/09/19 20:30:06.069] - eth_blockNumber
[2019/09/19 20:30:26.123] - eth_blockNumber
[2019/09/19 20:30:46.215] - eth_blockNumber
[2019/09/19 20:31:06.279] - eth_blockNumber
[2019/09/19 20:31:26.342] - eth_blockNumber
[2019/09/19 20:31:46.407] - eth_blockNumber
[2019/09/19 20:32:06.465] - eth_blockNumber
[2019/09/19 20:32:26.520] - eth_blockNumber
[2019/09/19 20:32:46.592] - eth_blockNumber
[2019/09/19 20:33:06.647] - eth_blockNumber
[2019/09/19 20:33:26.711] - eth_blockNumber
[2019/09/19 20:33:46.798] - eth_blockNumber
[2019/09/19 20:34:06.875] - eth_blockNumber
[2019/09/19 20:34:26.947] - eth_blockNumber
[2019/09/19 20:34:47.115] - eth_blockNumber
[2019/09/19 20:35:07.306] - eth_blockNumber
[2019/09/19 20:35:27.378] - eth_blockNumber
[2019/09/19 20:35:47.467] - eth_blockNumber
[2019/09/19 20:36:07.536] - eth_blockNumber
[2019/09/19 20:36:27.611] - eth_blockNumber
[2019/09/19 20:36:47.688] - eth_blockNumber
[2019/09/19 20:37:07.747] - eth_blockNumber
[2019/09/19 20:37:27.817] - eth_blockNumber
[2019/09/19 20:37:47.890] - eth_blockNumber
[2019/09/19 20:38:07.954] - eth_blockNumber
[2019/09/19 20:38:28.018] - eth_blockNumber
[2019/09/19 20:38:48.094] - eth_blockNumber
[2019/09/19 20:39:08.152] - eth_blockNumber
[2019/09/19 20:39:28.216] - eth_blockNumber
[2019/09/19 20:39:48.300] - eth_blockNumber
[2019/09/19 20:40:09.741] - eth_blockNumber
[2019/09/19 20:40:29.816] - eth_blockNumber
[2019/09/19 20:40:49.937] - eth_blockNumber
[2019/09/19 20:41:09.999] - eth_blockNumber
[2019/09/19 20:41:30.057] - eth_blockNumber
[2019/09/19 20:41:50.131] - eth_blockNumber
[2019/09/19 20:42:10.189] - eth_blockNumber
[2019/09/19 20:42:32.733] - eth_blockNumber
[2019/09/19 20:42:52.800] - eth_blockNumber
[2019/09/19 20:43:14.545] - eth_blockNumber
[2019/09/19 20:43:34.605] - eth_blockNumber
[2019/09/19 20:43:54.707] - eth_blockNumber
[2019/09/19 20:44:14.771] - eth_blockNumber
[2019/09/19 20:44:34.853] - eth_blockNumber
[2019/09/19 20:44:54.934] - eth_blockNumber
[2019/09/19 20:45:15.014] - eth_blockNumber
[2019/09/19 20:45:35.071] - eth_blockNumber
[2019/09/19 20:45:55.164] - eth_blockNumber
[2019/09/19 20:46:15.219] - eth_blockNumber
[2019/09/19 20:46:35.306] - eth_blockNumber
[2019/09/19 20:46:55.329] - eth_blockNumber
[2019/09/19 20:47:15.402] - eth_blockNumber
[2019/09/19 20:47:35.492] - eth_blockNumber
[2019/09/19 20:47:55.573] - eth_blockNumber
[2019/09/19 20:48:15.634] - eth_blockNumber
[2019/09/19 20:48:35.723] - eth_blockNumber
[2019/09/19 20:48:55.828] - eth_blockNumber
[2019/09/19 20:49:15.900] - eth_blockNumber
[2019/09/19 20:49:35.987] - eth_blockNumber
[2019/09/19 20:49:56.097] - eth_blockNumber
[2019/09/19 20:50:16.161] - eth_blockNumber
[2019/09/19 20:50:36.227] - eth_blockNumber
[2019/09/19 20:50:56.310] - eth_blockNumber
[2019/09/19 20:51:16.427] - eth_blockNumber
[2019/09/19 20:51:36.526] - eth_blockNumber
[2019/09/19 20:51:56.592] - eth_blockNumber
[2019/09/19 20:52:16.683] - eth_blockNumber
[2019/09/19 20:52:36.760] - eth_blockNumber
[2019/09/19 20:52:56.830] - eth_blockNumber
[2019/09/19 20:53:16.922] - eth_blockNumber
[2019/09/19 20:53:37.001] - eth_blockNumber
[2019/09/19 20:53:57.061] - eth_blockNumber
[2019/09/19 20:54:17.136] - eth_blockNumber
[2019/09/19 20:54:37.210] - eth_blockNumber
[2019/09/19 20:54:57.293] - eth_blockNumber
[2019/09/19 20:55:17.376] - eth_blockNumber
[2019/09/19 20:55:37.445] - eth_blockNumber
[2019/09/19 20:55:57.552] - eth_blockNumber
[2019/09/19 20:56:17.622] - eth_blockNumber
[2019/09/19 20:56:37.725] - eth_blockNumber
[2019/09/19 20:56:57.806] - eth_blockNumber
[2019/09/19 20:57:17.841] - eth_blockNumber
[2019/09/19 20:57:37.916] - eth_blockNumber
[2019/09/19 20:57:58.004] - eth_blockNumber
[2019/09/19 20:58:18.082] - eth_blockNumber
[2019/09/19 20:58:38.172] - eth_blockNumber
[2019/09/19 20:58:58.238] - eth_blockNumber
[2019/09/19 20:59:18.301] - eth_blockNumber
[2019/09/19 20:59:38.366] - eth_blockNumber
[2019/09/19 20:59:58.463] - eth_blockNumber
[2019/09/19 21:00:18.493] - eth_blockNumber
[2019/09/19 21:00:38.599] - eth_blockNumber
[2019/09/19 21:00:58.673] - eth_blockNumber
[2019/09/19 21:01:18.799] - eth_blockNumber
[2019/09/19 21:01:38.898] - eth_blockNumber
[2019/09/19 21:01:58.984] - eth_blockNumber
[2019/09/19 21:02:19.057] - eth_blockNumber
[2019/09/19 21:02:39.152] - eth_blockNumber
[2019/09/19 21:02:59.226] - eth_blockNumber
[2019/09/19 21:03:19.247] - eth_blockNumber
[2019/09/19 21:03:39.305] - eth_blockNumber
[2019/09/19 21:03:59.376] - eth_blockNumber
[2019/09/19 21:04:19.439] - eth_blockNumber
[2019/09/19 21:04:39.498] - eth_blockNumber
[2019/09/19 21:04:59.568] - eth_blockNumber
[2019/09/19 21:05:19.635] - eth_blockNumber
[2019/09/19 21:05:39.695] - eth_blockNumber
[2019/09/19 21:05:59.754] - eth_blockNumber
[2019/09/19 21:06:19.798] - eth_blockNumber
[2019/09/19 21:06:39.859] - eth_blockNumber
[2019/09/19 21:06:59.917] - eth_blockNumber
[2019/09/19 21:07:19.973] - eth_blockNumber
[2019/09/19 21:07:40.038] - eth_blockNumber
[2019/09/19 21:08:00.101] - eth_blockNumber
[2019/09/19 21:08:20.163] - eth_blockNumber
[2019/09/19 21:08:40.225] - eth_blockNumber
[2019/09/19 21:09:00.288] - eth_blockNumber
[2019/09/19 21:09:20.311] - eth_blockNumber
[2019/09/19 21:09:40.389] - eth_blockNumber
[2019/09/19 21:10:01.732] - eth_blockNumber
[2019/09/19 21:10:21.791] - eth_blockNumber
[2019/09/19 21:10:41.849] - eth_blockNumber
[2019/09/19 21:11:01.916] - eth_blockNumber
[2019/09/19 21:11:21.982] - eth_blockNumber
[2019/09/19 21:11:42.050] - eth_blockNumber
[2019/09/19 21:12:02.106] - eth_blockNumber
[2019/09/19 21:12:22.133] - eth_blockNumber
[2019/09/19 21:12:42.208] - eth_blockNumber
[2019/09/19 21:13:02.263] - eth_blockNumber
[2019/09/19 21:13:22.324] - eth_blockNumber
[2019/09/19 21:13:42.384] - eth_blockNumber
[2019/09/19 21:14:02.445] - eth_blockNumber
[2019/09/19 21:14:22.509] - eth_blockNumber
[2019/09/19 21:14:42.568] - eth_blockNumber
[2019/09/19 21:15:02.632] - eth_blockNumber
[2019/09/19 21:15:22.685] - eth_blockNumber
[2019/09/19 21:15:42.742] - eth_blockNumber
[2019/09/19 21:16:02.801] - eth_blockNumber
[2019/09/19 21:16:22.861] - eth_blockNumber
[2019/09/19 21:16:42.918] - eth_blockNumber
[2019/09/19 21:17:02.981] - eth_blockNumber
[2019/09/19 21:17:23.041] - eth_blockNumber
[2019/09/19 21:17:43.093] - eth_blockNumber
[2019/09/19 21:18:03.156] - eth_blockNumber
[2019/09/19 21:18:23.243] - eth_blockNumber
[2019/09/19 21:18:43.302] - eth_blockNumber
[2019/09/19 21:19:03.366] - eth_blockNumber
[2019/09/19 21:19:23.430] - eth_blockNumber
[2019/09/19 21:19:43.486] - eth_blockNumber
[2019/09/19 21:20:03.546] - eth_blockNumber
[2019/09/19 21:20:23.610] - eth_blockNumber
[2019/09/19 21:20:43.671] - eth_blockNumber
[2019/09/19 21:21:03.728] - eth_blockNumber
[2019/09/19 21:21:23.795] - eth_blockNumber
[2019/09/19 21:21:43.850] - eth_blockNumber
[2019/09/19 21:22:03.915] - eth_blockNumber
[2019/09/19 21:22:23.981] - eth_blockNumber
[2019/09/19 21:22:44.047] - eth_blockNumber
[2019/09/19 21:23:04.109] - eth_blockNumber
[2019/09/19 21:23:24.165] - eth_blockNumber
[2019/09/19 21:23:44.219] - eth_blockNumber
[2019/09/19 21:24:04.276] - eth_blockNumber
[2019/09/19 21:24:24.339] - eth_blockNumber
[2019/09/19 21:24:44.397] - eth_blockNumber
[2019/09/19 21:25:04.461] - eth_blockNumber
[2019/09/19 21:25:24.523] - eth_blockNumber
[2019/09/19 21:25:44.581] - eth_blockNumber
[2019/09/19 21:26:04.638] - eth_blockNumber
[2019/09/19 21:26:24.698] - eth_blockNumber
[2019/09/19 21:26:44.750] - eth_blockNumber
[2019/09/19 21:27:04.811] - eth_blockNumber
[2019/09/19 21:27:24.869] - eth_blockNumber
[2019/09/19 21:27:44.924] - eth_blockNumber
[2019/09/19 21:28:04.979] - eth_blockNumber
[2019/09/19 21:28:25.047] - eth_blockNumber
[2019/09/19 21:28:45.110] - eth_blockNumber
[2019/09/19 21:29:05.166] - eth_blockNumber
[2019/09/19 21:29:25.220] - eth_blockNumber
[2019/09/19 21:29:45.280] - eth_blockNumber
[2019/09/19 21:30:05.342] - eth_blockNumber
[2019/09/19 21:30:25.394] - eth_blockNumber
[2019/09/19 21:30:45.453] - eth_blockNumber
[2019/09/19 21:31:05.520] - eth_blockNumber
[2019/09/19 21:31:25.583] - eth_blockNumber
[2019/09/19 21:31:45.643] - eth_blockNumber
[2019/09/19 21:32:05.701] - eth_blockNumber
[2019/09/19 21:32:25.765] - eth_blockNumber
[2019/09/19 21:32:45.825] - eth_blockNumber
[2019/09/19 21:33:05.889] - eth_blockNumber
[2019/09/19 21:33:25.948] - eth_blockNumber
[2019/09/19 21:33:46.009] - eth_blockNumber
[2019/09/19 21:34:06.080] - eth_blockNumber
[2019/09/19 21:34:26.140] - eth_blockNumber
[2019/09/19 21:34:46.199] - eth_blockNumber
[2019/09/19 21:35:06.258] - eth_blockNumber
[2019/09/19 21:35:26.314] - eth_blockNumber
[2019/09/19 21:35:46.373] - eth_blockNumber
[2019/09/19 21:36:06.431] - eth_blockNumber
[2019/09/19 21:36:26.487] - eth_blockNumber
[2019/09/19 21:36:46.544] - eth_blockNumber
[2019/09/19 21:37:06.608] - eth_blockNumber
[2019/09/19 21:37:26.665] - eth_blockNumber
[2019/09/19 21:37:46.722] - eth_blockNumber
[2019/09/19 21:38:06.790] - eth_blockNumber
[2019/09/19 21:38:26.866] - eth_blockNumber
[2019/09/19 21:38:46.934] - eth_blockNumber
[2019/09/19 21:39:06.993] - eth_blockNumber
[2019/09/19 21:39:27.071] - eth_blockNumber
[2019/09/19 21:39:47.130] - eth_blockNumber
[2019/09/19 21:40:07.183] - eth_blockNumber
[2019/09/19 21:40:27.241] - eth_blockNumber
[2019/09/19 21:40:47.303] - eth_blockNumber
[2019/09/19 21:41:07.361] - eth_blockNumber
[2019/09/19 21:41:27.417] - eth_blockNumber
[2019/09/19 21:41:47.472] - eth_blockNumber
[2019/09/19 21:42:07.533] - eth_blockNumber
[2019/09/19 21:42:27.591] - eth_blockNumber
[2019/09/19 21:42:47.656] - eth_blockNumber
[2019/09/19 21:43:07.718] - eth_blockNumber
[2019/09/19 21:43:27.777] - eth_blockNumber
[2019/09/19 21:43:47.840] - eth_blockNumber
[2019/09/19 21:44:07.905] - eth_blockNumber
[2019/09/19 21:44:27.969] - eth_blockNumber
[2019/09/19 21:44:48.047] - eth_blockNumber
[2019/09/19 21:45:08.105] - eth_blockNumber
[2019/09/19 21:45:28.155] - eth_blockNumber
[2019/09/19 21:45:48.217] - eth_blockNumber
[2019/09/19 21:46:08.286] - eth_blockNumber
[2019/09/19 21:46:28.342] - eth_blockNumber
[2019/09/19 21:46:48.402] - eth_blockNumber
[2019/09/19 21:47:08.465] - eth_blockNumber
[2019/09/19 21:47:28.532] - eth_blockNumber
[2019/09/19 21:47:48.955] - eth_blockNumber
[2019/09/19 21:48:09.163] - eth_blockNumber
[2019/09/19 21:48:29.279] - eth_blockNumber
[2019/09/19 21:48:49.397] - eth_blockNumber
[2019/09/19 21:49:09.483] - eth_blockNumber
[2019/09/19 21:49:29.716] - eth_blockNumber
[2019/09/19 21:49:49.850] - eth_blockNumber
[2019/09/19 21:50:09.905] - eth_blockNumber
[2019/09/19 21:50:29.959] - eth_blockNumber
[2019/09/19 21:50:50.023] - eth_blockNumber
[2019/09/19 21:51:10.093] - eth_blockNumber
[2019/09/19 21:51:30.150] - eth_blockNumber
[2019/09/19 21:51:50.209] - eth_blockNumber
[2019/09/19 21:52:10.279] - eth_blockNumber
[2019/09/19 21:52:30.389] - eth_blockNumber
[2019/09/19 21:52:50.479] - eth_blockNumber
[2019/09/19 21:53:10.571] - eth_blockNumber
[2019/09/19 21:53:30.777] - eth_blockNumber
[2019/09/19 21:53:50.941] - eth_blockNumber
[2019/09/19 21:54:11.005] - eth_blockNumber
[2019/09/19 21:54:31.072] - eth_blockNumber
[2019/09/19 21:54:51.137] - eth_blockNumber
[2019/09/19 21:55:11.207] - eth_blockNumber
[2019/09/19 21:55:31.289] - eth_blockNumber
[2019/09/19 21:55:51.340] - eth_blockNumber
[2019/09/19 21:56:11.414] - eth_blockNumber
[2019/09/19 21:56:31.471] - eth_blockNumber
[2019/09/19 21:56:51.493] - eth_blockNumber
[2019/09/19 21:57:11.577] - eth_blockNumber
[2019/09/19 21:57:31.680] - eth_blockNumber
[2019/09/19 21:57:51.741] - eth_blockNumber
[2019/09/19 21:58:11.815] - eth_blockNumber
[2019/09/19 21:58:31.914] - eth_blockNumber
[2019/09/19 21:58:51.965] - eth_blockNumber
[2019/09/19 21:59:12.025] - eth_blockNumber
[2019/09/19 21:59:32.071] - eth_blockNumber
[2019/09/19 21:59:52.120] - eth_blockNumber
[2019/09/19 22:00:12.191] - eth_blockNumber
[2019/09/19 22:00:32.289] - eth_blockNumber
[2019/09/19 22:00:52.365] - eth_blockNumber
[2019/09/19 22:01:12.434] - eth_blockNumber
[2019/09/19 22:01:32.507] - eth_blockNumber
[2019/09/19 22:01:52.568] - eth_blockNumber
[2019/09/19 22:02:12.631] - eth_blockNumber
[2019/09/19 22:02:32.680] - eth_blockNumber
[2019/09/19 22:02:52.771] - eth_blockNumber
[2019/09/19 22:03:12.855] - eth_blockNumber
[2019/09/19 22:03:32.941] - eth_blockNumber
[2019/09/19 22:03:53.006] - eth_blockNumber
[2019/09/19 22:04:13.078] - eth_blockNumber
[2019/09/19 22:04:33.158] - eth_blockNumber
[2019/09/19 22:04:53.288] - eth_blockNumber
[2019/09/19 22:05:13.365] - eth_blockNumber
[2019/09/19 22:05:33.509] - eth_blockNumber
[2019/09/19 22:05:53.567] - eth_blockNumber
[2019/09/19 22:06:13.626] - eth_blockNumber
[2019/09/19 22:06:33.675] - eth_blockNumber
[2019/09/19 22:06:53.696] - eth_blockNumber
[2019/09/19 22:07:13.757] - eth_blockNumber
[2019/09/19 22:07:33.812] - eth_blockNumber
[2019/09/19 22:07:53.872] - eth_blockNumber
[2019/09/19 22:08:13.929] - eth_blockNumber
[2019/09/19 22:08:33.984] - eth_blockNumber
[2019/09/19 22:08:54.157] - eth_blockNumber
[2019/09/19 22:09:14.252] - eth_blockNumber
[2019/09/19 22:09:34.320] - eth_blockNumber
[2019/09/19 22:09:54.384] - eth_blockNumber
[2019/09/19 22:10:14.446] - eth_blockNumber
[2019/09/19 22:10:34.499] - eth_blockNumber
[2019/09/19 22:10:54.577] - eth_blockNumber
[2019/09/19 22:11:14.641] - eth_blockNumber
[2019/09/19 22:11:34.704] - eth_blockNumber
[2019/09/19 22:11:54.758] - eth_blockNumber
[2019/09/19 22:12:14.814] - eth_blockNumber
[2019/09/19 22:12:34.898] - eth_blockNumber
[2019/09/19 22:12:54.961] - eth_blockNumber
[2019/09/19 22:13:15.041] - eth_blockNumber
[2019/09/19 22:13:35.104] - eth_blockNumber
[2019/09/19 22:13:55.158] - eth_blockNumber
[2019/09/19 22:14:15.218] - eth_blockNumber
[2019/09/19 22:14:35.270] - eth_blockNumber
[2019/09/19 22:14:55.321] - eth_blockNumber
[2019/09/19 22:15:15.377] - eth_blockNumber
[2019/09/19 22:15:35.446] - eth_blockNumber
[2019/09/19 22:15:55.519] - eth_blockNumber
[2019/09/19 22:16:15.655] - eth_blockNumber
[2019/09/19 22:16:35.744] - eth_blockNumber
[2019/09/19 22:16:55.821] - eth_blockNumber
[2019/09/19 22:17:15.887] - eth_blockNumber
[2019/09/19 22:17:35.939] - eth_blockNumber
[2019/09/19 22:17:55.992] - eth_blockNumber
[2019/09/19 22:18:16.057] - eth_blockNumber
[2019/09/19 22:18:36.129] - eth_blockNumber
[2019/09/19 22:18:56.193] - eth_blockNumber
[2019/09/19 22:19:16.270] - eth_blockNumber
[2019/09/19 22:19:36.343] - eth_blockNumber
[2019/09/19 22:19:56.410] - eth_blockNumber
[2019/09/19 22:20:16.474] - eth_blockNumber
[2019/09/19 22:20:36.531] - eth_blockNumber
[2019/09/19 22:20:56.586] - eth_blockNumber
[2019/09/19 22:21:16.645] - eth_blockNumber
[2019/09/19 22:21:36.717] - eth_blockNumber
[2019/09/19 22:21:56.771] - eth_blockNumber
[2019/09/19 22:22:16.849] - eth_blockNumber
[2019/09/19 22:22:36.982] - eth_blockNumber
[2019/09/19 22:22:57.070] - eth_blockNumber
[2019/09/19 22:23:17.187] - eth_blockNumber
[2019/09/19 22:23:37.267] - eth_blockNumber
[2019/09/19 22:23:57.337] - eth_blockNumber
[2019/09/19 22:24:17.395] - eth_blockNumber
[2019/09/19 22:24:37.447] - eth_blockNumber
[2019/09/19 22:24:57.519] - eth_blockNumber
[2019/09/19 22:25:17.584] - eth_blockNumber
[2019/09/19 22:25:37.648] - eth_blockNumber
[2019/09/19 22:25:57.694] - eth_blockNumber
[2019/09/19 22:26:17.754] - eth_blockNumber
[2019/09/19 22:26:37.806] - eth_blockNumber
[2019/09/19 22:26:57.865] - eth_blockNumber
[2019/09/19 22:27:17.916] - eth_blockNumber
[2019/09/19 22:27:37.967] - eth_blockNumber
[2019/09/19 22:27:58.018] - eth_blockNumber
[2019/09/19 22:28:18.070] - eth_blockNumber
[2019/09/19 22:28:38.123] - eth_blockNumber
[2019/09/19 22:28:58.173] - eth_blockNumber
[2019/09/19 22:29:18.232] - eth_blockNumber
[2019/09/19 22:29:38.285] - eth_blockNumber
[2019/09/19 22:29:58.343] - eth_blockNumber
[2019/09/19 22:30:18.396] - eth_blockNumber
[2019/09/19 22:30:38.463] - eth_blockNumber
[2019/09/19 22:30:58.517] - eth_blockNumber
[2019/09/19 22:31:18.595] - eth_blockNumber
[2019/09/19 22:31:38.649] - eth_blockNumber
[2019/09/19 22:31:58.771] - eth_blockNumber
[2019/09/19 22:32:18.841] - eth_blockNumber
[2019/09/19 22:32:38.890] - eth_blockNumber
[2019/09/19 22:32:58.941] - eth_blockNumber
[2019/09/19 22:33:18.998] - eth_blockNumber
[2019/09/19 22:33:26.208] - eth_unsubscribe
[2019/09/19 22:33:26.211] - eth_unsubscribe
