[2019/07/23 21:07:32.147] - Starting server (version 2.0.3) with initial configuration: {"gasLimit":6721975,"gasPrice":20000000000,"hardfork":"petersburg","db_path":"C:\\Users\\Muqeem\\AppData\\Roaming\\Ganache\\workspaces\\fast-lake\\chaindata","default_balance_ether":70,"hostname":"127.0.0.1","locked":false,"network_id":5777,"port":7545,"total_accounts":47,"unlocked_accounts":[],"verbose":false,"vmErrorsOnRPCResponse":true,"logDirectory":"H:\\CS\\BC\\expense-sharing\\Ganache-logs"}
[2019/07/23 21:07:32.600] - eth_subscribe
[2019/07/23 21:07:32.603] - eth_getLogs
[2019/07/23 21:07:32.605] - eth_subscribe
[2019/07/23 21:07:32.910] - eth_blockNumber
[2019/07/23 21:07:32.912] - eth_accounts
[2019/07/23 21:07:32.914] - eth_gasPrice
[2019/07/23 21:07:32.916] - eth_getBlockByNumber
[2019/07/23 21:07:32.919] - eth_subscribe
[2019/07/23 21:07:32.933] - eth_accounts
[2019/07/23 21:07:33.024] - eth_getBalance
[2019/07/23 21:07:33.028] - eth_getTransactionCount
[2019/07/23 21:07:33.029] - eth_getBalance
[2019/07/23 21:07:33.035] - eth_getTransactionCount
[2019/07/23 21:07:33.037] - eth_getBalance
[2019/07/23 21:07:33.041] - eth_getTransactionCount
[2019/07/23 21:07:33.042] - eth_getBalance
[2019/07/23 21:07:33.046] - eth_getTransactionCount
[2019/07/23 21:07:33.048] - eth_getBalance
[2019/07/23 21:07:33.050] - eth_getTransactionCount
[2019/07/23 21:07:33.053] - eth_getBalance
[2019/07/23 21:07:33.057] - eth_getTransactionCount
[2019/07/23 21:07:33.062] - eth_getBalance
[2019/07/23 21:07:33.064] - eth_getTransactionCount
[2019/07/23 21:07:33.068] - eth_getBalance
[2019/07/23 21:07:33.071] - eth_getTransactionCount
[2019/07/23 21:07:33.072] - eth_getBalance
[2019/07/23 21:07:33.076] - eth_getTransactionCount
[2019/07/23 21:07:33.079] - eth_getBalance
[2019/07/23 21:07:33.082] - eth_getTransactionCount
[2019/07/23 21:07:33.084] - eth_getBalance
[2019/07/23 21:07:33.087] - eth_getTransactionCount
[2019/07/23 21:07:33.090] - eth_getBalance
[2019/07/23 21:07:33.092] - eth_getTransactionCount
[2019/07/23 21:07:33.095] - eth_getBalance
[2019/07/23 21:07:33.098] - eth_getTransactionCount
[2019/07/23 21:07:33.101] - eth_getBalance
[2019/07/23 21:07:33.104] - eth_getTransactionCount
[2019/07/23 21:07:33.106] - eth_getBalance
[2019/07/23 21:07:33.109] - eth_getTransactionCount
[2019/07/23 21:07:33.111] - eth_getBalance
[2019/07/23 21:07:33.114] - eth_getTransactionCount
[2019/07/23 21:07:33.116] - eth_getBalance
[2019/07/23 21:07:33.120] - eth_getTransactionCount
[2019/07/23 21:07:33.121] - eth_getBalance
[2019/07/23 21:07:33.123] - eth_getTransactionCount
[2019/07/23 21:07:33.125] - eth_getBalance
[2019/07/23 21:07:33.128] - eth_getTransactionCount
[2019/07/23 21:07:33.132] - eth_getBalance
[2019/07/23 21:07:33.135] - eth_getTransactionCount
[2019/07/23 21:07:33.138] - eth_getBalance
[2019/07/23 21:07:33.140] - eth_getTransactionCount
[2019/07/23 21:07:33.143] - eth_getBalance
[2019/07/23 21:07:33.146] - eth_getTransactionCount
[2019/07/23 21:07:33.149] - eth_getBalance
[2019/07/23 21:07:33.151] - eth_getTransactionCount
[2019/07/23 21:07:33.154] - eth_getBalance
[2019/07/23 21:07:33.157] - eth_getTransactionCount
[2019/07/23 21:07:33.159] - eth_getBalance
[2019/07/23 21:07:33.162] - eth_getTransactionCount
[2019/07/23 21:07:33.165] - eth_getBalance
[2019/07/23 21:07:33.168] - eth_getTransactionCount
[2019/07/23 21:07:33.170] - eth_getBalance
[2019/07/23 21:07:33.173] - eth_getTransactionCount
[2019/07/23 21:07:33.176] - eth_getBalance
[2019/07/23 21:07:33.179] - eth_getTransactionCount
[2019/07/23 21:07:33.182] - eth_getBalance
[2019/07/23 21:07:33.186] - eth_getTransactionCount
[2019/07/23 21:07:33.188] - eth_getBalance
[2019/07/23 21:07:33.191] - eth_getTransactionCount
[2019/07/23 21:07:33.195] - eth_getBalance
[2019/07/23 21:07:33.197] - eth_getTransactionCount
[2019/07/23 21:07:33.200] - eth_getBalance
[2019/07/23 21:07:33.203] - eth_getTransactionCount
[2019/07/23 21:07:33.205] - eth_getBalance
[2019/07/23 21:07:33.207] - eth_getTransactionCount
[2019/07/23 21:07:33.210] - eth_getBalance
[2019/07/23 21:07:33.213] - eth_getTransactionCount
[2019/07/23 21:07:33.215] - eth_getBalance
[2019/07/23 21:07:33.218] - eth_getTransactionCount
[2019/07/23 21:07:33.222] - eth_getBalance
[2019/07/23 21:07:33.224] - eth_getTransactionCount
[2019/07/23 21:07:33.226] - eth_getBalance
[2019/07/23 21:07:33.228] - eth_getTransactionCount
[2019/07/23 21:07:33.232] - eth_getBalance
[2019/07/23 21:07:33.235] - eth_getTransactionCount
[2019/07/23 21:07:33.238] - eth_getBalance
[2019/07/23 21:07:33.241] - eth_getTransactionCount
[2019/07/23 21:07:33.243] - eth_getBalance
[2019/07/23 21:07:33.245] - eth_getTransactionCount
[2019/07/23 21:07:33.248] - eth_getBalance
[2019/07/23 21:07:33.250] - eth_getTransactionCount
[2019/07/23 21:07:33.253] - eth_getBalance
[2019/07/23 21:07:33.257] - eth_getTransactionCount
[2019/07/23 21:07:33.260] - eth_getBalance
[2019/07/23 21:07:33.261] - eth_getTransactionCount
[2019/07/23 21:07:33.265] - eth_getBalance
[2019/07/23 21:07:33.266] - eth_getTransactionCount
[2019/07/23 21:07:33.270] - eth_getBalance
[2019/07/23 21:07:33.271] - eth_getTransactionCount
[2019/07/23 21:07:33.274] - eth_getBalance
[2019/07/23 21:07:33.277] - eth_getTransactionCount
[2019/07/23 21:07:33.279] - eth_getBalance
[2019/07/23 21:07:33.282] - eth_getTransactionCount
[2019/07/23 21:07:33.338] - eth_getBalance
[2019/07/23 21:07:33.342] - eth_getTransactionCount
[2019/07/23 21:07:33.346] - eth_getBalance
[2019/07/23 21:07:33.351] - eth_getTransactionCount
[2019/07/23 21:07:33.355] - eth_getBalance
[2019/07/23 21:07:33.359] - eth_getTransactionCount
[2019/07/23 21:07:33.365] - eth_getBalance
[2019/07/23 21:07:33.368] - eth_getTransactionCount
[2019/07/23 21:07:33.371] - eth_getBalance
[2019/07/23 21:07:33.377] - eth_getTransactionCount
[2019/07/23 21:07:33.380] - eth_getBalance
[2019/07/23 21:07:33.382] - eth_getTransactionCount
[2019/07/23 21:07:33.385] - eth_getBalance
[2019/07/23 21:07:33.388] - eth_getTransactionCount
[2019/07/23 21:07:33.391] - eth_getBalance
[2019/07/23 21:07:33.393] - eth_getTransactionCount
[2019/07/23 21:07:33.395] - eth_getBalance
[2019/07/23 21:07:33.398] - eth_getTransactionCount
[2019/07/23 21:07:33.400] - eth_getBalance
[2019/07/23 21:07:33.403] - eth_getTransactionCount
[2019/07/23 21:07:33.407] - eth_getBalance
[2019/07/23 21:07:33.412] - eth_getTransactionCount
[2019/07/23 21:07:33.413] - eth_getBalance
[2019/07/23 21:07:33.417] - eth_getTransactionCount
[2019/07/23 21:07:33.419] - eth_getBalance
[2019/07/23 21:07:33.422] - eth_getTransactionCount
[2019/07/23 21:07:33.424] - eth_getBalance
[2019/07/23 21:07:33.427] - eth_getTransactionCount
[2019/07/23 21:07:33.430] - eth_getBalance
[2019/07/23 21:07:33.432] - eth_getTransactionCount
[2019/07/23 21:07:33.435] - eth_getBalance
[2019/07/23 21:07:33.439] - eth_getTransactionCount
[2019/07/23 21:07:33.443] - eth_getBalance
[2019/07/23 21:07:33.444] - eth_getTransactionCount
[2019/07/23 21:07:33.446] - eth_getBalance
[2019/07/23 21:07:33.448] - eth_getTransactionCount
[2019/07/23 21:07:33.450] - eth_getBalance
[2019/07/23 21:07:33.454] - eth_getTransactionCount
[2019/07/23 21:07:33.457] - eth_getBalance
[2019/07/23 21:07:33.461] - eth_getTransactionCount
[2019/07/23 21:07:33.464] - eth_getBalance
[2019/07/23 21:07:33.466] - eth_getTransactionCount
[2019/07/23 21:07:33.468] - eth_getBalance
[2019/07/23 21:07:33.473] - eth_getTransactionCount
[2019/07/23 21:07:33.475] - eth_getBalance
[2019/07/23 21:07:33.477] - eth_getTransactionCount
[2019/07/23 21:07:33.479] - eth_getBalance
[2019/07/23 21:07:33.481] - eth_getTransactionCount
[2019/07/23 21:07:33.487] - eth_getBalance
[2019/07/23 21:07:33.489] - eth_getTransactionCount
[2019/07/23 21:07:33.491] - eth_getBalance
[2019/07/23 21:07:33.493] - eth_getTransactionCount
[2019/07/23 21:07:33.497] - eth_getBalance
[2019/07/23 21:07:33.501] - eth_getTransactionCount
[2019/07/23 21:07:33.503] - eth_getBalance
[2019/07/23 21:07:33.504] - eth_getTransactionCount
[2019/07/23 21:07:33.506] - eth_getBalance
[2019/07/23 21:07:33.508] - eth_getTransactionCount
[2019/07/23 21:07:33.510] - eth_getBalance
[2019/07/23 21:07:33.513] - eth_getTransactionCount
[2019/07/23 21:07:33.516] - eth_getBalance
[2019/07/23 21:07:33.519] - eth_getTransactionCount
[2019/07/23 21:07:33.521] - eth_getBalance
[2019/07/23 21:07:33.524] - eth_getTransactionCount
[2019/07/23 21:07:33.527] - eth_getBalance
[2019/07/23 21:07:33.529] - eth_getTransactionCount
[2019/07/23 21:07:33.532] - eth_getBalance
[2019/07/23 21:07:33.534] - eth_getTransactionCount
[2019/07/23 21:07:33.537] - eth_getBalance
[2019/07/23 21:07:33.539] - eth_getTransactionCount
[2019/07/23 21:07:33.544] - eth_getBalance
[2019/07/23 21:07:33.546] - eth_getTransactionCount
[2019/07/23 21:07:33.549] - eth_getBalance
[2019/07/23 21:07:33.551] - eth_getTransactionCount
[2019/07/23 21:07:33.553] - eth_getBalance
[2019/07/23 21:07:33.556] - eth_getTransactionCount
[2019/07/23 21:07:33.558] - eth_getBalance
[2019/07/23 21:07:33.562] - eth_getTransactionCount
[2019/07/23 21:07:33.565] - eth_getBalance
[2019/07/23 21:07:33.569] - eth_getTransactionCount
[2019/07/23 21:07:33.572] - eth_getBalance
[2019/07/23 21:07:33.575] - eth_getTransactionCount
[2019/07/23 21:07:33.583] - eth_getBalance
[2019/07/23 21:07:33.585] - eth_getTransactionCount
[2019/07/23 21:07:33.588] - eth_getBalance
[2019/07/23 21:07:33.589] - eth_getTransactionCount
[2019/07/23 21:07:33.592] - eth_getBalance
[2019/07/23 21:07:33.597] - eth_getTransactionCount
[2019/07/23 21:07:33.599] - eth_getBalance
[2019/07/23 21:07:33.603] - eth_getTransactionCount
[2019/07/23 21:07:33.606] - eth_getBalance
[2019/07/23 21:07:33.609] - eth_getTransactionCount
[2019/07/23 21:07:33.613] - eth_getBalance
[2019/07/23 21:07:33.617] - eth_getTransactionCount
[2019/07/23 21:08:00.411] - eth_getBlockByNumber
[2019/07/23 21:08:01.449] - eth_getBlockByNumber
[2019/07/23 21:08:01.475] - eth_getBlockTransactionCountByNumber
